<?xml version="1.0" encoding="utf-8"?><testsuites name="pytest tests"><testsuite name="pytest" errors="0" failures="0" skipped="0" tests="25" time="4.823" timestamp="2026-05-05T16:08:54.378155+00:00" hostname="agent-env-6bc70c68-6276-42e2-8051-b9ae3c7e4873"><testcase classname="backend.tests.backend_test.TestAuthAndStats" name="test_login_returns_token" time="0.165" /><testcase classname="backend.tests.backend_test.TestAuthAndStats" name="test_login_invalid" time="0.132" /><testcase classname="backend.tests.backend_test.TestAuthAndStats" name="test_stats" time="0.169" /><testcase classname="backend.tests.backend_test.TestCompanies" name="test_list_default_company" time="0.159" /><testcase classname="backend.tests.backend_test.TestCompanies" name="test_create_update_delete" time="0.541" /><testcase classname="backend.tests.backend_test.TestProducts" name="test_list_categories_seeded" time="0.109" /><testcase classname="backend.tests.backend_test.TestProducts" name="test_list_products_seeded" time="0.127" /><testcase classname="backend.tests.backend_test.TestProducts" name="test_product_crud" time="0.415" /><testcase classname="backend.tests.backend_test.TestFAQs" name="test_public_faqs" time="0.179" /><testcase classname="backend.tests.backend_test.TestFAQs" name="test_admin_faqs" time="0.166" /><testcase classname="backend.tests.backend_test.TestFAQs" name="test_faq_crud" time="0.393" /><testcase classname="backend.tests.backend_test.TestEmailTemplates" name="test_list" time="0.145" /><testcase classname="backend.tests.backend_test.TestSiteSettings" name="test_public_settings" time="0.121" /><testcase classname="backend.tests.backend_test.TestInvoices" name="test_create_invoice" time="0.129" /><testcase classname="backend.tests.backend_test.TestInvoices" name="test_get_invoice" time="0.132" /><testcase classname="backend.tests.backend_test.TestInvoices" name="test_update_invoice_recalculates" time="0.116" /><testcase classname="backend.tests.backend_test.TestInvoices" name="test_invoice_pdf" time="0.245" /><testcase classname="backend.tests.backend_test.TestInvoices" name="test_invoice_preview" time="0.160" /><testcase classname="backend.tests.backend_test.TestInvoices" name="test_invoice_send_smtp_not_configured" time="0.210" /><testcase classname="backend.tests.backend_test.TestInvoices" name="test_invoice_mark_paid" time="0.275" /><testcase classname="backend.tests.backend_test.TestInvoices" name="test_invoices_list_excludes_offers" time="0.118" /><testcase classname="backend.tests.backend_test.TestOffers" name="test_create_offer" time="0.157" /><testcase classname="backend.tests.backend_test.TestOffers" name="test_offers_list_only_offers" time="0.113" /><testcase classname="backend.tests.backend_test.TestOffers" name="test_offer_pdf" time="0.142" /><testcase classname="backend.tests.backend_test.TestOffers" name="test_offer_preview" time="0.129" /></testsuite></testsuites>